<?xml version="1.0" encoding="UTF-8"?>
<!-- Generated by org.testng.reporters.JUnitReportReporter -->
<testsuite skipped="0" hostname="Pavanis-MacBook-Air.local" name="projectMaven.TestloginEx" tests="1" failures="0" timestamp="10 Jul 2017 06:02:37 GMT" time="11.745" errors="0">
  <testcase name="test1" time="11.745" classname="projectMaven.TestloginEx"/>
</testsuite> <!-- projectMaven.TestloginEx -->
